<?xml version="1.0" encoding="UTF-8"?>
<!-- Generated by org.testng.reporters.JUnitReportReporter -->
<testsuite skipped="0" hostname="imacs-iMac.local" name="com.trulia.tests.SmokeTest" tests="1" failures="0" timestamp="18 Mar 2018 03:04:59 GMT" time="23.673" errors="0">
  <testcase name="smokeTest" time="23.673" classname="com.trulia.tests.SmokeTest"/>
</testsuite> <!-- com.trulia.tests.SmokeTest -->
