<?xml version="1.0" encoding="UTF-8"?>
<!-- Generated by org.testng.reporters.JUnitReportReporter -->
<testsuite skipped="0" hostname="imacs-iMac.local" name="com.trulia.tests.Tests" tests="20" failures="0" timestamp="25 Mar 2018 03:46:05 GMT" time="273.585" errors="0">
  <testcase name="TC010" time="22.784" classname="com.trulia.tests.Tests"/>
  <testcase name="TC018" time="6.131" classname="com.trulia.tests.Tests"/>
  <testcase name="TC007" time="12.994" classname="com.trulia.tests.Tests"/>
  <testcase name="TC009" time="37.595" classname="com.trulia.tests.Tests"/>
  <testcase name="TC011" time="10.667" classname="com.trulia.tests.Tests"/>
  <testcase name="TC015" time="9.688" classname="com.trulia.tests.Tests"/>
  <testcase name="TC002" time="11.976" classname="com.trulia.tests.Tests"/>
  <testcase name="TC003" time="15.258" classname="com.trulia.tests.Tests"/>
  <testcase name="TC008" time="24.418" classname="com.trulia.tests.Tests"/>
  <testcase name="TC006" time="12.154" classname="com.trulia.tests.Tests"/>
  <testcase name="TC004" time="7.189" classname="com.trulia.tests.Tests"/>
  <testcase name="TC001" time="18.130" classname="com.trulia.tests.Tests"/>
  <testcase name="TC016" time="12.975" classname="com.trulia.tests.Tests"/>
  <testcase name="TC014" time="7.159" classname="com.trulia.tests.Tests"/>
  <testcase name="TC012" time="15.414" classname="com.trulia.tests.Tests"/>
  <testcase name="TC005" time="5.838" classname="com.trulia.tests.Tests"/>
  <testcase name="TC020" time="11.135" classname="com.trulia.tests.Tests"/>
  <testcase name="TC013" time="11.687" classname="com.trulia.tests.Tests"/>
  <testcase name="TC019" time="14.129" classname="com.trulia.tests.Tests"/>
  <testcase name="TC017" time="6.264" classname="com.trulia.tests.Tests"/>
</testsuite> <!-- com.trulia.tests.Tests -->
