<?xml version="1.0" encoding="UTF-8"?>
<!-- Generated by org.testng.reporters.JUnitReportReporter -->
<testsuite skipped="0" hostname="imacs-iMac.local" name="com.trulia.tests.SmokeTest" tests="1" failures="0" timestamp="19 Mar 2018 23:02:15 GMT" time="24.906" errors="0">
  <testcase name="smokeTest" time="24.906" classname="com.trulia.tests.SmokeTest"/>
</testsuite> <!-- com.trulia.tests.SmokeTest -->
