<?xml version="1.0" encoding="UTF-8"?>
<!-- Generated by org.testng.reporters.JUnitReportReporter -->
<testsuite skipped="0" hostname="sir-PC" name="com.trulia.tests.TestIlyas" tests="4" failures="0" timestamp="22 Mar 2018 15:41:09 GMT" time="115.420" errors="0">
  <testcase name="TC007" time="19.736" classname="com.trulia.tests.TestIlyas"/>
  <testcase name="TC010" time="25.002" classname="com.trulia.tests.TestIlyas"/>
  <testcase name="TC009" time="41.858" classname="com.trulia.tests.TestIlyas"/>
  <testcase name="TC008" time="28.824" classname="com.trulia.tests.TestIlyas"/>
</testsuite> <!-- com.trulia.tests.TestIlyas -->
