<?xml version="1.0" encoding="UTF-8"?>
<!-- Generated by org.testng.reporters.JUnitReportReporter -->
<testsuite skipped="0" hostname="sir-PC" name="com.trulia.tests.TestIlyas" tests="4" failures="0" timestamp="25 Mar 2018 18:41:41 GMT" time="110.017" errors="0">
  <testcase name="TC007" time="20.849" classname="com.trulia.tests.TestIlyas"/>
  <testcase name="TC010" time="18.328" classname="com.trulia.tests.TestIlyas"/>
  <testcase name="TC009" time="40.481" classname="com.trulia.tests.TestIlyas"/>
  <testcase name="TC008" time="30.359" classname="com.trulia.tests.TestIlyas"/>
</testsuite> <!-- com.trulia.tests.TestIlyas -->
