<?xml version="1.0" encoding="UTF-8"?>
<!-- Generated by org.testng.reporters.JUnitReportReporter -->
<testsuite skipped="0" hostname="imacs-iMac.local" name="com.trulia.tests.TestAhmed" tests="4" failures="0" timestamp="20 Mar 2018 01:52:34 GMT" time="32.731" errors="0">
  <testcase name="TC0019" time="9.982" classname="com.trulia.tests.TestAhmed"/>
  <testcase name="TC0018" time="7.045" classname="com.trulia.tests.TestAhmed"/>
  <testcase name="TC020" time="9.652" classname="com.trulia.tests.TestAhmed"/>
  <testcase name="TC0017" time="6.052" classname="com.trulia.tests.TestAhmed"/>
</testsuite> <!-- com.trulia.tests.TestAhmed -->
